Traceback (most recent call last):
  File "C:\Users\user\AppData\Local\pypoetry\Cache\virtualenvs\computational-physics-project-yyWSPRtK-py3.10\lib\site-packages\jupyter_cache\executors\utils.py", line 58, in single_nb_execution
    executenb(
  File "C:\Users\user\AppData\Local\pypoetry\Cache\virtualenvs\computational-physics-project-yyWSPRtK-py3.10\lib\site-packages\nbclient\client.py", line 1314, in execute
    return NotebookClient(nb=nb, resources=resources, km=km, **kwargs).execute()
  File "C:\Users\user\AppData\Local\pypoetry\Cache\virtualenvs\computational-physics-project-yyWSPRtK-py3.10\lib\site-packages\jupyter_core\utils\__init__.py", line 165, in wrapped
    return loop.run_until_complete(inner)
  File "C:\Program Files\Python310\lib\asyncio\base_events.py", line 646, in run_until_complete
    return future.result()
  File "C:\Users\user\AppData\Local\pypoetry\Cache\virtualenvs\computational-physics-project-yyWSPRtK-py3.10\lib\site-packages\nbclient\client.py", line 709, in async_execute
    await self.async_execute_cell(
  File "C:\Users\user\AppData\Local\pypoetry\Cache\virtualenvs\computational-physics-project-yyWSPRtK-py3.10\lib\site-packages\nbclient\client.py", line 1062, in async_execute_cell
    await self._check_raise_for_error(cell, cell_index, exec_reply)
  File "C:\Users\user\AppData\Local\pypoetry\Cache\virtualenvs\computational-physics-project-yyWSPRtK-py3.10\lib\site-packages\nbclient\client.py", line 918, in _check_raise_for_error
    raise CellExecutionError.from_cell_and_msg(cell, exec_reply_content)
nbclient.exceptions.CellExecutionError: An error occurred while executing the following cell:
------------------
# Initial Conditions
u0 = 2
r = 0.5
K = 100
h = 0.25

# setting up the time array
t0 = 0
tf = 45
points = 20
t = np.linspace(t0, tf, points)
dt = t[2]-t[1]

u_Euler = euler(dudt,u0, t, dt, r, h, K)
u_RK4 = rk4(dudt,u0,t, dt, r, h, K)
u_RK2 = rk2(dudt,u0,t, dt, r, h, K)
u_exact = (50*np.exp(0.25*t))/(24.+np.exp(0.25*t))

# plotting 
plt.figure(num=1, figsize=(7, 5))
plt.plot(t,u_exact,'Dk-', label = "Exact Solution")
plt.plot(t,u_Euler,'sb-', label = "Euler")
plt.plot(t,u_RK2,'or-', label = "Runge Kutta 2")
plt.plot(t,u_RK4,'*g-', label = "Runge Kutta 4")
plt.legend()
# plt.grid(True, color='lightgray')
plt.tight_layout()
plt.xlabel("$t$")
plt.ylabel("$u(t)$")
plt.savefig('plots/5a/comparison.png', dpi=200)
------------------


[1;31m---------------------------------------------------------------------------[0m
[1;31mFileNotFoundError[0m                         Traceback (most recent call last)
Cell [1;32mIn[6], line 30[0m
[0;32m     28[0m plt[38;5;241m.[39mxlabel([38;5;124m"[39m[38;5;124m$t$[39m[38;5;124m"[39m)
[0;32m     29[0m plt[38;5;241m.[39mylabel([38;5;124m"[39m[38;5;124m$u(t)$[39m[38;5;124m"[39m)
[1;32m---> 30[0m [43mplt[49m[38;5;241;43m.[39;49m[43msavefig[49m[43m([49m[38;5;124;43m'[39;49m[38;5;124;43mplots/5a/comparison.png[39;49m[38;5;124;43m'[39;49m[43m,[49m[43m [49m[43mdpi[49m[38;5;241;43m=[39;49m[38;5;241;43m200[39;49m[43m)[49m

File [1;32m~\AppData\Local\pypoetry\Cache\virtualenvs\computational-physics-project-yyWSPRtK-py3.10\lib\site-packages\matplotlib\pyplot.py:1228[0m, in [0;36msavefig[1;34m(*args, **kwargs)[0m
[0;32m   1225[0m fig [38;5;241m=[39m gcf()
[0;32m   1226[0m [38;5;66;03m# savefig default implementation has no return, so mypy is unhappy[39;00m
[0;32m   1227[0m [38;5;66;03m# presumably this is here because subclasses can return?[39;00m
[1;32m-> 1228[0m res [38;5;241m=[39m fig[38;5;241m.[39msavefig([38;5;241m*[39margs, [38;5;241m*[39m[38;5;241m*[39mkwargs)  [38;5;66;03m# type: ignore[func-returns-value][39;00m
[0;32m   1229[0m fig[38;5;241m.[39mcanvas[38;5;241m.[39mdraw_idle()  [38;5;66;03m# Need this if 'transparent=True', to reset colors.[39;00m
[0;32m   1230[0m [38;5;28;01mreturn[39;00m res

File [1;32m~\AppData\Local\pypoetry\Cache\virtualenvs\computational-physics-project-yyWSPRtK-py3.10\lib\site-packages\matplotlib\figure.py:3395[0m, in [0;36mFigure.savefig[1;34m(self, fname, transparent, **kwargs)[0m
[0;32m   3393[0m     [38;5;28;01mfor[39;00m ax [38;5;129;01min[39;00m [38;5;28mself[39m[38;5;241m.[39maxes:
[0;32m   3394[0m         _recursively_make_axes_transparent(stack, ax)
[1;32m-> 3395[0m [38;5;28mself[39m[38;5;241m.[39mcanvas[38;5;241m.[39mprint_figure(fname, [38;5;241m*[39m[38;5;241m*[39mkwargs)

File [1;32m~\AppData\Local\pypoetry\Cache\virtualenvs\computational-physics-project-yyWSPRtK-py3.10\lib\site-packages\matplotlib\backend_bases.py:2204[0m, in [0;36mFigureCanvasBase.print_figure[1;34m(self, filename, dpi, facecolor, edgecolor, orientation, format, bbox_inches, pad_inches, bbox_extra_artists, backend, **kwargs)[0m
[0;32m   2200[0m [38;5;28;01mtry[39;00m:
[0;32m   2201[0m     [38;5;66;03m# _get_renderer may change the figure dpi (as vector formats[39;00m
[0;32m   2202[0m     [38;5;66;03m# force the figure dpi to 72), so we need to set it again here.[39;00m
[0;32m   2203[0m     [38;5;28;01mwith[39;00m cbook[38;5;241m.[39m_setattr_cm([38;5;28mself[39m[38;5;241m.[39mfigure, dpi[38;5;241m=[39mdpi):
[1;32m-> 2204[0m         result [38;5;241m=[39m print_method(
[0;32m   2205[0m             filename,
[0;32m   2206[0m             facecolor[38;5;241m=[39mfacecolor,
[0;32m   2207[0m             edgecolor[38;5;241m=[39medgecolor,
[0;32m   2208[0m             orientation[38;5;241m=[39morientation,
[0;32m   2209[0m             bbox_inches_restore[38;5;241m=[39m_bbox_inches_restore,
[0;32m   2210[0m             [38;5;241m*[39m[38;5;241m*[39mkwargs)
[0;32m   2211[0m [38;5;28;01mfinally[39;00m:
[0;32m   2212[0m     [38;5;28;01mif[39;00m bbox_inches [38;5;129;01mand[39;00m restore_bbox:

File [1;32m~\AppData\Local\pypoetry\Cache\virtualenvs\computational-physics-project-yyWSPRtK-py3.10\lib\site-packages\matplotlib\backend_bases.py:2054[0m, in [0;36mFigureCanvasBase._switch_canvas_and_return_print_method.<locals>.<lambda>[1;34m(*args, **kwargs)[0m
[0;32m   2050[0m     optional_kws [38;5;241m=[39m {  [38;5;66;03m# Passed by print_figure for other renderers.[39;00m
[0;32m   2051[0m         [38;5;124m"[39m[38;5;124mdpi[39m[38;5;124m"[39m, [38;5;124m"[39m[38;5;124mfacecolor[39m[38;5;124m"[39m, [38;5;124m"[39m[38;5;124medgecolor[39m[38;5;124m"[39m, [38;5;124m"[39m[38;5;124morientation[39m[38;5;124m"[39m,
[0;32m   2052[0m         [38;5;124m"[39m[38;5;124mbbox_inches_restore[39m[38;5;124m"[39m}
[0;32m   2053[0m     skip [38;5;241m=[39m optional_kws [38;5;241m-[39m {[38;5;241m*[39minspect[38;5;241m.[39msignature(meth)[38;5;241m.[39mparameters}
[1;32m-> 2054[0m     print_method [38;5;241m=[39m functools[38;5;241m.[39mwraps(meth)([38;5;28;01mlambda[39;00m [38;5;241m*[39margs, [38;5;241m*[39m[38;5;241m*[39mkwargs: meth(
[0;32m   2055[0m         [38;5;241m*[39margs, [38;5;241m*[39m[38;5;241m*[39m{k: v [38;5;28;01mfor[39;00m k, v [38;5;129;01min[39;00m kwargs[38;5;241m.[39mitems() [38;5;28;01mif[39;00m k [38;5;129;01mnot[39;00m [38;5;129;01min[39;00m skip}))
[0;32m   2056[0m [38;5;28;01melse[39;00m:  [38;5;66;03m# Let third-parties do as they see fit.[39;00m
[0;32m   2057[0m     print_method [38;5;241m=[39m meth

File [1;32m~\AppData\Local\pypoetry\Cache\virtualenvs\computational-physics-project-yyWSPRtK-py3.10\lib\site-packages\matplotlib\backends\backend_agg.py:496[0m, in [0;36mFigureCanvasAgg.print_png[1;34m(self, filename_or_obj, metadata, pil_kwargs)[0m
[0;32m    449[0m [38;5;28;01mdef[39;00m [38;5;21mprint_png[39m([38;5;28mself[39m, filename_or_obj, [38;5;241m*[39m, metadata[38;5;241m=[39m[38;5;28;01mNone[39;00m, pil_kwargs[38;5;241m=[39m[38;5;28;01mNone[39;00m):
[0;32m    450[0m [38;5;250m    [39m[38;5;124;03m"""[39;00m
[0;32m    451[0m [38;5;124;03m    Write the figure to a PNG file.[39;00m
[0;32m    452[0m 
[1;32m   (...)[0m
[0;32m    494[0m [38;5;124;03m        *metadata*, including the default 'Software' key.[39;00m
[0;32m    495[0m [38;5;124;03m    """[39;00m
[1;32m--> 496[0m     [38;5;28;43mself[39;49m[38;5;241;43m.[39;49m[43m_print_pil[49m[43m([49m[43mfilename_or_obj[49m[43m,[49m[43m [49m[38;5;124;43m"[39;49m[38;5;124;43mpng[39;49m[38;5;124;43m"[39;49m[43m,[49m[43m [49m[43mpil_kwargs[49m[43m,[49m[43m [49m[43mmetadata[49m[43m)[49m

File [1;32m~\AppData\Local\pypoetry\Cache\virtualenvs\computational-physics-project-yyWSPRtK-py3.10\lib\site-packages\matplotlib\backends\backend_agg.py:445[0m, in [0;36mFigureCanvasAgg._print_pil[1;34m(self, filename_or_obj, fmt, pil_kwargs, metadata)[0m
[0;32m    440[0m [38;5;250m[39m[38;5;124;03m"""[39;00m
[0;32m    441[0m [38;5;124;03mDraw the canvas, then save it using `.image.imsave` (to which[39;00m
[0;32m    442[0m [38;5;124;03m*pil_kwargs* and *metadata* are forwarded).[39;00m
[0;32m    443[0m [38;5;124;03m"""[39;00m
[0;32m    444[0m FigureCanvasAgg[38;5;241m.[39mdraw([38;5;28mself[39m)
[1;32m--> 445[0m [43mmpl[49m[38;5;241;43m.[39;49m[43mimage[49m[38;5;241;43m.[39;49m[43mimsave[49m[43m([49m
[0;32m    446[0m [43m    [49m[43mfilename_or_obj[49m[43m,[49m[43m [49m[38;5;28;43mself[39;49m[38;5;241;43m.[39;49m[43mbuffer_rgba[49m[43m([49m[43m)[49m[43m,[49m[43m [49m[38;5;28;43mformat[39;49m[38;5;241;43m=[39;49m[43mfmt[49m[43m,[49m[43m [49m[43morigin[49m[38;5;241;43m=[39;49m[38;5;124;43m"[39;49m[38;5;124;43mupper[39;49m[38;5;124;43m"[39;49m[43m,[49m
[0;32m    447[0m [43m    [49m[43mdpi[49m[38;5;241;43m=[39;49m[38;5;28;43mself[39;49m[38;5;241;43m.[39;49m[43mfigure[49m[38;5;241;43m.[39;49m[43mdpi[49m[43m,[49m[43m [49m[43mmetadata[49m[38;5;241;43m=[39;49m[43mmetadata[49m[43m,[49m[43m [49m[43mpil_kwargs[49m[38;5;241;43m=[39;49m[43mpil_kwargs[49m[43m)[49m

File [1;32m~\AppData\Local\pypoetry\Cache\virtualenvs\computational-physics-project-yyWSPRtK-py3.10\lib\site-packages\matplotlib\image.py:1676[0m, in [0;36mimsave[1;34m(fname, arr, vmin, vmax, cmap, format, origin, dpi, metadata, pil_kwargs)[0m
[0;32m   1674[0m pil_kwargs[38;5;241m.[39msetdefault([38;5;124m"[39m[38;5;124mformat[39m[38;5;124m"[39m, [38;5;28mformat[39m)
[0;32m   1675[0m pil_kwargs[38;5;241m.[39msetdefault([38;5;124m"[39m[38;5;124mdpi[39m[38;5;124m"[39m, (dpi, dpi))
[1;32m-> 1676[0m image[38;5;241m.[39msave(fname, [38;5;241m*[39m[38;5;241m*[39mpil_kwargs)

File [1;32m~\AppData\Local\pypoetry\Cache\virtualenvs\computational-physics-project-yyWSPRtK-py3.10\lib\site-packages\PIL\Image.py:2600[0m, in [0;36mImage.save[1;34m(self, fp, format, **params)[0m
[0;32m   2598[0m         fp [38;5;241m=[39m builtins[38;5;241m.[39mopen(filename, [38;5;124m"[39m[38;5;124mr+b[39m[38;5;124m"[39m)
[0;32m   2599[0m     [38;5;28;01melse[39;00m:
[1;32m-> 2600[0m         fp [38;5;241m=[39m [43mbuiltins[49m[38;5;241;43m.[39;49m[43mopen[49m[43m([49m[43mfilename[49m[43m,[49m[43m [49m[38;5;124;43m"[39;49m[38;5;124;43mw+b[39;49m[38;5;124;43m"[39;49m[43m)[49m
[0;32m   2601[0m [38;5;28;01melse[39;00m:
[0;32m   2602[0m     fp [38;5;241m=[39m cast(IO[[38;5;28mbytes[39m], fp)

[1;31mFileNotFoundError[0m: [Errno 2] No such file or directory: 'C:\\Users\\user\\Documents\\all notes\\sem 5\\d\\project\\plots\\5a\\comparison.png'

